<?xml version="1.0" encoding="UTF-8"?>
<testng-results ignored="0" total="1" passed="1" failed="0" skipped="0">
  <reporter-output>
  </reporter-output>
  <suite started-at="2021-07-25T11:10:35 IST" name="Default suite" finished-at="2021-07-25T11:10:38 IST" duration-ms="3137">
    <groups>
    </groups>
    <test started-at="2021-07-25T11:10:35 IST" name="Default test" finished-at="2021-07-25T11:10:38 IST" duration-ms="3137">
      <class name="Test_GET">
        <test-method signature="test()[pri:0, instance:Test_GET@59d016c9]" started-at="2021-07-25T11:10:35 IST" name="test" finished-at="2021-07-25T11:10:38 IST" duration-ms="3075" status="PASS">
          <reporter-output>
          </reporter-output>
        </test-method> <!-- test -->
      </class> <!-- Test_GET -->
    </test> <!-- Default test -->
  </suite> <!-- Default suite -->
</testng-results>
